-------------------------------------------------------------------------------
Test set: model.hocVienTest
-------------------------------------------------------------------------------
Tests run: 8, Failures: 6, Errors: 0, Skipped: 0, Time elapsed: 0.03 sec <<< FAILURE!
model.hocVienTest.testGetMaHV()  Time elapsed: 0.014 sec  <<< FAILURE!
org.opentest4j.AssertionFailedError: The test case is a prototype.
	at org.junit.jupiter.api.AssertionUtils.fail(AssertionUtils.java:38)
	at org.junit.jupiter.api.Assertions.fail(Assertions.java:84)
	at model.hocVienTest.testGetMaHV(hocVienTest.java:57)

model.hocVienTest.testSetDiem()  Time elapsed: 0 sec  <<< FAILURE!
org.opentest4j.AssertionFailedError: positive delta expected but was: <0.0>
	at org.junit.jupiter.api.AssertionUtils.fail(AssertionUtils.java:38)
	at org.junit.jupiter.api.AssertionUtils.failIllegalDelta(AssertionUtils.java:177)
	at org.junit.jupiter.api.AssertionUtils.assertValidDelta(AssertionUtils.java:152)
	at org.junit.jupiter.api.AssertionUtils.doublesAreEqual(AssertionUtils.java:161)
	at org.junit.jupiter.api.AssertEquals.assertEquals(AssertEquals.java:87)
	at org.junit.jupiter.api.AssertEquals.assertEquals(AssertEquals.java:83)
	at org.junit.jupiter.api.Assertions.assertEquals(Assertions.java:479)
	at model.hocVienTest.testSetDiem(hocVienTest.java:164)

model.hocVienTest.testGetMaNH()  Time elapsed: 0.01 sec  <<< FAILURE!
org.opentest4j.AssertionFailedError: expected: <> but was: <null>
	at org.junit.jupiter.api.AssertionUtils.fail(AssertionUtils.java:54)
	at org.junit.jupiter.api.AssertEquals.failNotEqual(AssertEquals.java:195)
	at org.junit.jupiter.api.AssertEquals.assertEquals(AssertEquals.java:184)
	at org.junit.jupiter.api.AssertEquals.assertEquals(AssertEquals.java:179)
	at org.junit.jupiter.api.Assertions.assertEquals(Assertions.java:508)
	at model.hocVienTest.testGetMaNH(hocVienTest.java:118)

model.hocVienTest.testGetMaKH()  Time elapsed: 0.001 sec  <<< FAILURE!
org.opentest4j.AssertionFailedError: The test case is a prototype.
	at org.junit.jupiter.api.AssertionUtils.fail(AssertionUtils.java:38)
	at org.junit.jupiter.api.Assertions.fail(Assertions.java:84)
	at model.hocVienTest.testGetMaKH(hocVienTest.java:90)

model.hocVienTest.testGetDiem()  Time elapsed: 0.001 sec  <<< FAILURE!
org.opentest4j.AssertionFailedError: positive delta expected but was: <0.0>
	at org.junit.jupiter.api.AssertionUtils.fail(AssertionUtils.java:38)
	at org.junit.jupiter.api.AssertionUtils.failIllegalDelta(AssertionUtils.java:177)
	at org.junit.jupiter.api.AssertionUtils.assertValidDelta(AssertionUtils.java:152)
	at org.junit.jupiter.api.AssertionUtils.doublesAreEqual(AssertionUtils.java:161)
	at org.junit.jupiter.api.AssertEquals.assertEquals(AssertEquals.java:87)
	at org.junit.jupiter.api.AssertEquals.assertEquals(AssertEquals.java:83)
	at org.junit.jupiter.api.Assertions.assertEquals(Assertions.java:479)
	at model.hocVienTest.testGetDiem(hocVienTest.java:148)

model.hocVienTest.testSetMaNH()  Time elapsed: 0 sec  <<< FAILURE!
org.opentest4j.AssertionFailedError: expected: <123> but was: <>
	at org.junit.jupiter.api.AssertionUtils.fail(AssertionUtils.java:54)
	at org.junit.jupiter.api.AssertEquals.failNotEqual(AssertEquals.java:195)
	at org.junit.jupiter.api.AssertEquals.assertEquals(AssertEquals.java:184)
	at org.junit.jupiter.api.AssertEquals.assertEquals(AssertEquals.java:179)
	at org.junit.jupiter.api.Assertions.assertEquals(Assertions.java:508)
	at model.hocVienTest.testSetMaNH(hocVienTest.java:135)

