-------------------------------------------------------------------------------
Test set: model.chuyenDeTest
-------------------------------------------------------------------------------
Tests run: 14, Failures: 11, Errors: 0, Skipped: 0, Time elapsed: 0.056 sec <<< FAILURE!
model.chuyenDeTest.testSetTenCD()  Time elapsed: 0.023 sec  <<< FAILURE!
org.opentest4j.AssertionFailedError: The test case is a prototype.
	at org.junit.jupiter.api.AssertionUtils.fail(AssertionUtils.java:38)
	at org.junit.jupiter.api.Assertions.fail(Assertions.java:84)
	at model.chuyenDeTest.testSetTenCD(chuyenDeTest.java:109)

model.chuyenDeTest.testGetHocPhi()  Time elapsed: 0 sec  <<< FAILURE!
org.opentest4j.AssertionFailedError: positive delta expected but was: <0.0>
	at org.junit.jupiter.api.AssertionUtils.fail(AssertionUtils.java:38)
	at org.junit.jupiter.api.AssertionUtils.failIllegalDelta(AssertionUtils.java:177)
	at org.junit.jupiter.api.AssertionUtils.assertValidDelta(AssertionUtils.java:152)
	at org.junit.jupiter.api.AssertionUtils.doublesAreEqual(AssertionUtils.java:161)
	at org.junit.jupiter.api.AssertEquals.assertEquals(AssertEquals.java:87)
	at org.junit.jupiter.api.AssertEquals.assertEquals(AssertEquals.java:83)
	at org.junit.jupiter.api.Assertions.assertEquals(Assertions.java:479)
	at model.chuyenDeTest.testGetHocPhi(chuyenDeTest.java:121)

model.chuyenDeTest.testGetTenCD()  Time elapsed: 0 sec  <<< FAILURE!
org.opentest4j.AssertionFailedError: The test case is a prototype.
	at org.junit.jupiter.api.AssertionUtils.fail(AssertionUtils.java:38)
	at org.junit.jupiter.api.Assertions.fail(Assertions.java:84)
	at model.chuyenDeTest.testGetTenCD(chuyenDeTest.java:94)

model.chuyenDeTest.testGetMaCD()  Time elapsed: 0.014 sec  <<< FAILURE!
org.opentest4j.AssertionFailedError: expected: <> but was: <null>
	at org.junit.jupiter.api.AssertionUtils.fail(AssertionUtils.java:54)
	at org.junit.jupiter.api.AssertEquals.failNotEqual(AssertEquals.java:195)
	at org.junit.jupiter.api.AssertEquals.assertEquals(AssertEquals.java:184)
	at org.junit.jupiter.api.AssertEquals.assertEquals(AssertEquals.java:179)
	at org.junit.jupiter.api.Assertions.assertEquals(Assertions.java:508)
	at model.chuyenDeTest.testGetMaCD(chuyenDeTest.java:62)

model.chuyenDeTest.testSetHocPhiam()  Time elapsed: 0.006 sec  <<< FAILURE!
org.opentest4j.AssertionFailedError: Expected java.lang.Exception to be thrown, but nothing was thrown.
	at org.junit.jupiter.api.AssertThrows.assertThrows(AssertThrows.java:69)
	at org.junit.jupiter.api.AssertThrows.assertThrows(AssertThrows.java:36)
	at org.junit.jupiter.api.Assertions.assertThrows(Assertions.java:1179)
	at model.chuyenDeTest.testSetHocPhiam(chuyenDeTest.java:146)

model.chuyenDeTest.testGetHinh()  Time elapsed: 0.002 sec  <<< FAILURE!
org.opentest4j.AssertionFailedError: expected: <> but was: <null>
	at org.junit.jupiter.api.AssertionUtils.fail(AssertionUtils.java:54)
	at org.junit.jupiter.api.AssertEquals.failNotEqual(AssertEquals.java:195)
	at org.junit.jupiter.api.AssertEquals.assertEquals(AssertEquals.java:184)
	at org.junit.jupiter.api.AssertEquals.assertEquals(AssertEquals.java:179)
	at org.junit.jupiter.api.Assertions.assertEquals(Assertions.java:508)
	at model.chuyenDeTest.testGetHinh(chuyenDeTest.java:195)

model.chuyenDeTest.testSetHocPhilon()  Time elapsed: 0.001 sec  <<< FAILURE!
org.opentest4j.AssertionFailedError: Expected java.lang.Exception to be thrown, but nothing was thrown.
	at org.junit.jupiter.api.AssertThrows.assertThrows(AssertThrows.java:69)
	at org.junit.jupiter.api.AssertThrows.assertThrows(AssertThrows.java:36)
	at org.junit.jupiter.api.Assertions.assertThrows(Assertions.java:1179)
	at model.chuyenDeTest.testSetHocPhilon(chuyenDeTest.java:157)

model.chuyenDeTest.testGetThoiLuong()  Time elapsed: 0.001 sec  <<< FAILURE!
org.opentest4j.AssertionFailedError: The test case is a prototype.
	at org.junit.jupiter.api.AssertionUtils.fail(AssertionUtils.java:38)
	at org.junit.jupiter.api.Assertions.fail(Assertions.java:84)
	at model.chuyenDeTest.testGetThoiLuong(chuyenDeTest.java:169)

model.chuyenDeTest.testGetMoTa()  Time elapsed: 0.001 sec  <<< FAILURE!
org.opentest4j.AssertionFailedError: expected: <> but was: <null>
	at org.junit.jupiter.api.AssertionUtils.fail(AssertionUtils.java:54)
	at org.junit.jupiter.api.AssertEquals.failNotEqual(AssertEquals.java:195)
	at org.junit.jupiter.api.AssertEquals.assertEquals(AssertEquals.java:184)
	at org.junit.jupiter.api.AssertEquals.assertEquals(AssertEquals.java:179)
	at org.junit.jupiter.api.Assertions.assertEquals(Assertions.java:508)
	at model.chuyenDeTest.testGetMoTa(chuyenDeTest.java:223)

model.chuyenDeTest.testSetHocPhi()  Time elapsed: 0 sec  <<< FAILURE!
org.opentest4j.AssertionFailedError: positive delta expected but was: <0.0>
	at org.junit.jupiter.api.AssertionUtils.fail(AssertionUtils.java:38)
	at org.junit.jupiter.api.AssertionUtils.failIllegalDelta(AssertionUtils.java:177)
	at org.junit.jupiter.api.AssertionUtils.assertValidDelta(AssertionUtils.java:152)
	at org.junit.jupiter.api.AssertionUtils.doublesAreEqual(AssertionUtils.java:161)
	at org.junit.jupiter.api.AssertEquals.assertEquals(AssertEquals.java:87)
	at org.junit.jupiter.api.AssertEquals.assertEquals(AssertEquals.java:83)
	at org.junit.jupiter.api.Assertions.assertEquals(Assertions.java:479)
	at model.chuyenDeTest.testSetHocPhi(chuyenDeTest.java:136)

model.chuyenDeTest.testSetHinh()  Time elapsed: 0.001 sec  <<< FAILURE!
org.opentest4j.AssertionFailedError: The test case is a prototype.
	at org.junit.jupiter.api.AssertionUtils.fail(AssertionUtils.java:38)
	at org.junit.jupiter.api.Assertions.fail(Assertions.java:84)
	at model.chuyenDeTest.testSetHinh(chuyenDeTest.java:211)

